<?xml version="1.0" encoding="UTF-8"?>
<testng-results skipped="0" failed="0" total="1" passed="1">
  <reporter-output>
  </reporter-output>
  <suite name="Suite" duration-ms="102719" started-at="2018-09-10T02:57:39Z" finished-at="2018-09-10T02:59:21Z">
    <groups>
      <group name="cucumber">
        <method signature="AbstractTestNGCucumberTests.feature(cucumber.api.testng.CucumberFeatureWrapper)[pri:0, instance:runners.scenarioRunner@64616ca2]" name="feature" class="cucumber.api.testng.AbstractTestNGCucumberTests"/>
      </group> <!-- cucumber -->
    </groups>
    <test name="Test" duration-ms="102719" started-at="2018-09-10T02:57:39Z" finished-at="2018-09-10T02:59:21Z">
      <class name="runners.scenarioRunner">
        <test-method status="PASS" signature="setUpClass()[pri:0, instance:runners.scenarioRunner@64616ca2]" name="setUpClass" is-config="true" duration-ms="296" started-at="2018-09-10T08:27:39Z" finished-at="2018-09-10T08:27:39Z">
          <reporter-output>
          </reporter-output>
        </test-method> <!-- setUpClass -->
        <test-method status="PASS" signature="setup()[pri:0, instance:runners.scenarioRunner@64616ca2]" name="setup" is-config="true" duration-ms="248" started-at="2018-09-10T08:27:39Z" finished-at="2018-09-10T08:27:39Z">
          <reporter-output>
          </reporter-output>
        </test-method> <!-- setup -->
        <test-method status="PASS" signature="feature(cucumber.api.testng.CucumberFeatureWrapper)[pri:0, instance:runners.scenarioRunner@64616ca2]" name="feature" duration-ms="101989" started-at="2018-09-10T08:27:39Z" description="Runs Cucumber Feature" data-provider="features" finished-at="2018-09-10T08:29:21Z">
          <params>
            <param index="0">
              <value>
                <![CDATA[Acceptance testing from registration till shopping cart checkout]]>
              </value>
            </param>
          </params>
          <reporter-output>
          </reporter-output>
        </test-method> <!-- feature -->
        <test-method status="PASS" signature="tearDownClass()[pri:0, instance:runners.scenarioRunner@64616ca2]" name="tearDownClass" is-config="true" duration-ms="76" started-at="2018-09-10T08:29:21Z" finished-at="2018-09-10T08:29:21Z">
          <reporter-output>
          </reporter-output>
        </test-method> <!-- tearDownClass -->
      </class> <!-- runners.scenarioRunner -->
    </test> <!-- Test -->
  </suite> <!-- Suite -->
</testng-results>
