<?xml version="1.0" encoding="UTF-8"?>
<testsuite xmlns:xsi="http://www.w3.org/2001/XMLSchema-instance" xsi:noNamespaceSchemaLocation="https://maven.apache.org/surefire/maven-surefire-plugin/xsd/surefire-test-report-3.0.xsd" version="3.0" name="TestSuite" time="104.255" tests="3" errors="0" skipped="0" failures="0">
  <properties>
[...]
</properties>
  <testcase name="feature" classname="runners.scenarioRunner" time="3.86"/>
  <testcase name="feature" classname="runners.scenarioRunner" time="38.15"/>
  <testcase name="feature" classname="runners.scenarioRunner" time="60.75"/>
</testsuite>